Extension "PostScript Input" failed to load because a dependency was not met. Dependency:
	type: executable
	location: path
	string: ps2pdf

Extension "EPS Input" failed to load because a dependency was not met. Dependency:
	type: executable
	location: path
	string: ps2pdf

Extension "XFIG Input" failed to load because a dependency was not met. Dependency:
	type: executable
	location: path
	string: fig2dev

Extension "Formula (typst)" failed to load because a dependency was not met. Dependency:
	type: executable
	location: path
	string: typst

Extension "Formula (pdflatex)" failed to load because a dependency was not met. Dependency:
	type: executable
	location: path
	string: pdflatex

Extension "Export to PDF via Scribus" failed to load because a dependency was not met. Dependency:
	type: executable
	location: path
	string: scribus

Extension "Optimized PNG" failed to load because a dependency was not met. Dependency:
	type: executable
	location: path
	string: optipng

Extension "GIMP XCF" failed to load because a dependency was not met. Dependency:
	type: executable
	location: path
	string: gimp

